INFO: (function: eval) HybridNew.cc: 1134 -- CLs = 0 +/- 0
	CLb = 0.64 +/- 0.0429325
	CLsplusb = 0 +/- 0
INFO: (function: eval) HybridNew.cc: 1134 -- CLs = 0 +/- 0
	CLb = 0.568 +/- 0.0443058
	CLsplusb = 0 +/- 0
INFO: (function: eval) HybridNew.cc: 1134 -- CLs = 0 +/- 0
	CLb = 0.616 +/- 0.0435012
	CLsplusb = 0 +/- 0
INFO: (function: eval) HybridNew.cc: 1134 -- CLs = 0 +/- 0
	CLb = 0.688 +/- 0.0414397
	CLsplusb = 0 +/- 0
INFO: (function: eval) HybridNew.cc: 1134 -- CLs = 0 +/- 0
	CLb = 0.568 +/- 0.0443058
	CLsplusb = 0 +/- 0
INFO: (function: eval) HybridNew.cc: 1134 -- CLs = 0 +/- 0
	CLb = 0.624 +/- 0.0433243
	CLsplusb = 0 +/- 0
INFO: (function: eval) HybridNew.cc: 1134 -- CLs = 0 +/- 0
	CLb = 0.664 +/- 0.0422473
	CLsplusb = 0 +/- 0
INFO: (function: eval) HybridNew.cc: 1134 -- CLs = 0.142857 +/- 0.0262059
	CLb = 0.504 +/- 0.0447199
	CLsplusb = 0.072 +/- 0.0115599
