000 (208769.000.000) 2022-09-07 14:06:29 Job submitted from host: <172.30.1.200:9618?addrs=172.30.1.200-9618&alias=tamsa2.snu.ac.kr&noUDP&sock=schedd_3538_5a29>
...
040 (208769.000.000) 2022-09-07 14:06:38 Started transferring input files
	Transferring to host: <172.30.1.111:9618?addrs=172.30.1.111-9618&alias=n11&noUDP&sock=slot1_1_3801_e5f4_4240>
...
040 (208769.000.000) 2022-09-07 14:06:38 Finished transferring input files
...
001 (208769.000.000) 2022-09-07 14:06:39 Job executing on host: <172.30.1.111:9618?addrs=172.30.1.111-9618&alias=n11&noUDP&sock=startd_3767_6d59>
...
006 (208769.000.000) 2022-09-07 14:06:48 Image size of job updated: 84
	1  -  MemoryUsage of job (MB)
	84  -  ResidentSetSize of job (KB)
...
006 (208769.000.000) 2022-09-07 14:11:49 Image size of job updated: 26048
	3  -  MemoryUsage of job (MB)
	2708  -  ResidentSetSize of job (KB)
...
006 (208769.000.000) 2022-09-07 14:14:24 Image size of job updated: 3938728
	3  -  MemoryUsage of job (MB)
	2708  -  ResidentSetSize of job (KB)
...
040 (208769.000.000) 2022-09-07 14:14:24 Started transferring output files
...
040 (208769.000.000) 2022-09-07 14:14:24 Finished transferring output files
...
005 (208769.000.000) 2022-09-07 14:14:24 Job terminated.
	(1) Normal termination (return value 0)
		Usr 0 00:00:02, Sys 0 00:00:01  -  Run Remote Usage
		Usr 0 00:00:00, Sys 0 00:00:00  -  Run Local Usage
		Usr 0 00:00:02, Sys 0 00:00:01  -  Total Remote Usage
		Usr 0 00:00:00, Sys 0 00:00:00  -  Total Local Usage
	2116  -  Run Bytes Sent By Job
	496  -  Run Bytes Received By Job
	2116  -  Total Bytes Sent By Job
	496  -  Total Bytes Received By Job
	Partitionable Resources :    Usage  Request Allocated Assigned
	   Cpus                 :        0       10        10 
	   Disk (KB)            :       80        1    127803 
	   Gpus (Average)       :        0        2         2 "GPU-ebb73fb1,GPU-5aaacc6f"
	   GpusMemory (MB)      :      311                    
	   Memory (MB)          :        3    20480     20480 

	Job terminated of its own accord at 2022-09-07T05:14:24Z.
...
