@@@@ no. of dataList ends with 105000
@@@@ no. of dataList ends with 105000
@@@@ Filling trainset...
@@@@ Filling validset...
@@@@ Filling testset...
0 0.0 0.0
1 0.099 0.003
2 0.025 0.0
3 0.005 0.0
4 0.018 0.002
5 0.04 0.003
6 0.041 0.004
7 0.029 0.017
8 0.002 0.0
9 0.007 0.001
best model: model--1 with test AUC 0.000
Traceback (most recent call last):
  File "/home/choij/workspace/ChargedHiggsAnalysis/GraphNeuralNet/evalModels.py", line 313, in <module>
    trainAUC = getAUC(tree, bestModelIdx, "train")
               ^^^^^^^^^^^^^^^^^^^^^^^^^^^^^^^^^^^
  File "/home/choij/workspace/ChargedHiggsAnalysis/GraphNeuralNet/evalModels.py", line 88, in getAUC
    predictions.append(scores[f"model{idx}"][0])
                       ~~~~~~^^^^^^^^^^^^^^^
KeyError: 'model-1'
@@@@ no. of dataList ends with 105000
@@@@ no. of dataList ends with 105000
@@@@ Filling trainset...
@@@@ Filling validset...
@@@@ Filling testset...
0 0.0 0.0
1 0.0 0.0
2 0.03 0.013
3 0.008 0.006
4 0.0 0.003
5 0.0 0.001
6 0.018 0.002
7 0.027 0.011
8 0.023 0.002
9 0.0 0.0
best model: model--1 with test AUC 0.000
Traceback (most recent call last):
  File "/home/choij/workspace/ChargedHiggsAnalysis/GraphNeuralNet/evalModels.py", line 313, in <module>
    trainAUC = getAUC(tree, bestModelIdx, "train")
               ^^^^^^^^^^^^^^^^^^^^^^^^^^^^^^^^^^^
  File "/home/choij/workspace/ChargedHiggsAnalysis/GraphNeuralNet/evalModels.py", line 88, in getAUC
    predictions.append(scores[f"model{idx}"][0])
                       ~~~~~~^^^^^^^^^^^^^^^
KeyError: 'model-1'
@@@@ no. of dataList ends with 105000
@@@@ no. of dataList ends with 105000
@@@@ Filling trainset...
@@@@ Filling validset...
@@@@ Filling testset...
0 0.0 0.0
1 0.0 0.0
2 0.002 0.0
3 0.0 0.0
4 0.024 0.018
5 0.005 0.006
6 0.0 0.0
7 0.01 0.002
8 0.031 0.033
9 0.075 0.054
model-9 with testAUC = 0.843
best model: model-9 with test AUC 0.837
[evalModels] MHc-130_MA-90_vs_nonprompt summary: MHc-130_MA-90, nonprompt, 9, 128, RMSprop, 0.002, CyclicLR, 0.8480189151862534, 0.8412126079230245, 0.8426696233758372, 0.088, 0.04
@@@@ Visualizing...
@@@@ no. of dataList ends with 105000
@@@@ no. of dataList ends with 105000
@@@@ Filling trainset...
@@@@ Filling validset...
@@@@ Filling testset...
0 0.0 0.0
1 0.0 0.0
2 0.0 0.0
3 0.0 0.008
4 0.0 0.0
5 0.0 0.0
6 0.0 0.0
7 0.0 0.0
8 0.01 0.004
9 0.002 0.025
best model: model--1 with test AUC 0.000
Traceback (most recent call last):
  File "/home/choij/workspace/ChargedHiggsAnalysis/GraphNeuralNet/evalModels.py", line 313, in <module>
    trainAUC = getAUC(tree, bestModelIdx, "train")
               ^^^^^^^^^^^^^^^^^^^^^^^^^^^^^^^^^^^
  File "/home/choij/workspace/ChargedHiggsAnalysis/GraphNeuralNet/evalModels.py", line 88, in getAUC
    predictions.append(scores[f"model{idx}"][0])
                       ~~~~~~^^^^^^^^^^^^^^^
KeyError: 'model-1'
@@@@ no. of dataList ends with 105000
@@@@ no. of dataList ends with 105000
@@@@ Filling trainset...
@@@@ Filling validset...
@@@@ Filling testset...
0 0.0 0.006
1 0.0 0.004
2 0.0 0.0
3 0.0 0.001
4 0.0 0.0
5 0.0 0.0
6 0.0 0.0
7 0.0 0.009
8 0.0 0.0
9 0.0 0.002
best model: model--1 with test AUC 0.000
Traceback (most recent call last):
  File "/home/choij/workspace/ChargedHiggsAnalysis/GraphNeuralNet/evalModels.py", line 313, in <module>
    trainAUC = getAUC(tree, bestModelIdx, "train")
               ^^^^^^^^^^^^^^^^^^^^^^^^^^^^^^^^^^^
  File "/home/choij/workspace/ChargedHiggsAnalysis/GraphNeuralNet/evalModels.py", line 88, in getAUC
    predictions.append(scores[f"model{idx}"][0])
                       ~~~~~~^^^^^^^^^^^^^^^
KeyError: 'model-1'
@@@@ no. of dataList ends with 105000
@@@@ no. of dataList ends with 105000
@@@@ Filling trainset...
@@@@ Filling validset...
@@@@ Filling testset...
0 0.009 0.714
1 0.049 0.797
2 0.028 0.1
3 0.007 0.828
4 0.032 0.665
5 0.054 0.641
model-5 with testAUC = 0.970
6 0.02 0.246
7 0.006 0.309
8 0.0 0.683
9 0.022 0.977
best model: model-5 with test AUC 0.969
[evalModels] MHc-70_MA-65_vs_diboson summary: MHc-70_MA-65, diboson, 5, 128, AdamW, 0.001, CyclicLR, 0.9714260923228328, 0.9702872291256901, 0.9701289452247122, 0.053, 0.683
@@@@ Visualizing...
@@@@ no. of dataList ends with 105000
@@@@ no. of dataList ends with 105000
@@@@ Filling trainset...
@@@@ Filling validset...
@@@@ Filling testset...
0 0.08 0.209
model-0 with testAUC = 0.963
1 0.056 0.76
model-1 with testAUC = 0.963
2 0.063 0.835
model-2 with testAUC = 0.962
3 0.046 0.53
4 0.067 0.742
model-4 with testAUC = 0.962
5 0.019 0.968
6 0.061 0.375
model-6 with testAUC = 0.961
7 0.017 0.922
8 0.012 0.773
9 0.015 0.868
best model: model-1 with test AUC 0.961
[evalModels] MHc-100_MA-95_vs_diboson summary: MHc-100_MA-95, diboson, 1, 128, RMSprop, 0.0005, CyclicLR, 0.9660767057064285, 0.9633203450648583, 0.9634803607374041, 0.057, 0.776
@@@@ Visualizing...
@@@@ no. of dataList ends with 105000
@@@@ no. of dataList ends with 105000
@@@@ Filling trainset...
@@@@ Filling validset...
@@@@ Filling testset...
0 0.255 0.714
model-0 with testAUC = 0.959
1 0.136 0.318
model-1 with testAUC = 0.958
2 0.253 0.686
model-2 with testAUC = 0.956
3 0.418 0.823
model-3 with testAUC = 0.955
4 0.698 0.973
model-4 with testAUC = 0.954
5 0.319 0.573
model-5 with testAUC = 0.957
6 0.296 0.813
model-6 with testAUC = 0.955
7 0.209 0.934
model-7 with testAUC = 0.956
8 0.061 0.303
model-8 with testAUC = 0.960
9 0.062 0.562
model-9 with testAUC = 0.959
best model: model-8 with test AUC 0.958
[evalModels] MHc-130_MA-90_vs_diboson summary: MHc-130_MA-90, diboson, 8, 128, Adam, 0.001, CyclicLR, 0.961248260726971, 0.9575871475520805, 0.9596427672692851, 0.068, 0.329
@@@@ Visualizing...
@@@@ no. of dataList ends with 105000
@@@@ no. of dataList ends with 105000
@@@@ Filling trainset...
@@@@ Filling validset...
@@@@ Filling testset...
0 0.012 0.461
1 0.105 0.838
model-1 with testAUC = 0.931
2 0.009 0.182
3 0.029 0.3
4 0.001 0.037
5 0.216 0.946
model-5 with testAUC = 0.929
6 0.14 0.709
model-6 with testAUC = 0.931
7 0.01 0.23
8 0.103 0.852
model-8 with testAUC = 0.929
9 0.082 0.219
model-9 with testAUC = 0.932
best model: model-1 with test AUC 0.929
[evalModels] MHc-160_MA-85_vs_diboson summary: MHc-160_MA-85, diboson, 1, 64, AdamW, 0.01, CyclicLR, 0.9333540149610656, 0.9312078752240898, 0.9314004388653385, 0.097, 0.833
@@@@ Visualizing...
@@@@ no. of dataList ends with 105000
@@@@ no. of dataList ends with 105000
@@@@ Filling trainset...
@@@@ Filling validset...
@@@@ Filling testset...
0 0.005 0.262
1 0.001 0.032
2 0.0 0.014
3 0.0 0.124
4 0.07 0.592
model-4 with testAUC = 0.926
5 0.0 0.227
6 0.003 0.243
7 0.001 0.246
8 0.008 0.557
9 0.014 0.549
best model: model-4 with test AUC 0.923
[evalModels] MHc-160_MA-120_vs_diboson summary: MHc-160_MA-120, diboson, 4, 64, RMSprop, 0.001, StepLR, 0.9298169995967028, 0.9239990360801938, 0.9262304762049965, 0.067, 0.57
@@@@ Visualizing...
@@@@ no. of dataList ends with 105000
@@@@ no. of dataList ends with 105000
@@@@ Filling trainset...
@@@@ Filling validset...
@@@@ Filling testset...
0 0.003 0.007
1 0.004 0.005
2 0.002 0.018
3 0.005 0.0
4 0.0 0.017
5 0.038 0.007
6 0.0 0.0
7 0.001 0.0
8 0.0 0.0
9 0.0 0.0
best model: model--1 with test AUC 0.000
Traceback (most recent call last):
  File "/home/choij/workspace/ChargedHiggsAnalysis/GraphNeuralNet/evalModels.py", line 313, in <module>
    trainAUC = getAUC(tree, bestModelIdx, "train")
               ^^^^^^^^^^^^^^^^^^^^^^^^^^^^^^^^^^^
  File "/home/choij/workspace/ChargedHiggsAnalysis/GraphNeuralNet/evalModels.py", line 88, in getAUC
    predictions.append(scores[f"model{idx}"][0])
                       ~~~~~~^^^^^^^^^^^^^^^
KeyError: 'model-1'
@@@@ no. of dataList ends with 105000
@@@@ no. of dataList ends with 105000
@@@@ Filling trainset...
@@@@ Filling validset...
@@@@ Filling testset...
0 0.011 0.002
1 0.0 0.0
2 0.01 0.007
3 0.086 0.032
4 0.02 0.001
5 0.008 0.0
6 0.07 0.092
model-6 with testAUC = 0.840
7 0.049 0.001
8 0.032 0.009
9 0.076 0.053
model-9 with testAUC = 0.836
best model: model-6 with test AUC 0.834
[evalModels] MHc-100_MA-95_vs_ttZ summary: MHc-100_MA-95, ttZ, 6, 128, RMSprop, 0.002, StepLR, 0.8450523354791524, 0.8405899206629341, 0.8396493185592919, 0.056, 0.075
@@@@ Visualizing...
@@@@ no. of dataList ends with 105000
@@@@ no. of dataList ends with 105000
@@@@ Filling trainset...
@@@@ Filling validset...
@@@@ Filling testset...
0 0.0 0.0
1 0.0 0.0
2 0.0 0.0
3 0.0 0.002
4 0.004 0.02
5 0.0 0.0
6 0.0 0.0
7 0.016 0.16
8 0.0 0.003
9 0.063 0.077
model-9 with testAUC = 0.841
best model: model-9 with test AUC 0.835
[evalModels] MHc-130_MA-90_vs_ttZ summary: MHc-130_MA-90, ttZ, 9, 64, AdamW, 0.01, StepLR, 0.8468010746036816, 0.841020634001326, 0.8411442197939707, 0.062, 0.068
@@@@ Visualizing...
@@@@ no. of dataList ends with 105000
@@@@ no. of dataList ends with 105000
@@@@ Filling trainset...
@@@@ Filling validset...
@@@@ Filling testset...
0 0.013 0.099
1 0.023 0.169
2 0.086 0.885
model-2 with testAUC = 0.851
3 0.128 0.281
model-3 with testAUC = 0.854
4 0.002 0.001
5 0.157 0.813
model-5 with testAUC = 0.848
6 0.205 0.191
model-6 with testAUC = 0.851
7 0.01 0.092
8 0.045 0.378
9 0.115 0.108
model-9 with testAUC = 0.861
best model: model-9 with test AUC 0.856
[evalModels] MHc-160_MA-85_vs_ttZ summary: MHc-160_MA-85, ttZ, 9, 128, AdamW, 0.001, CyclicLR, 0.8656510096633001, 0.859002812696659, 0.8606972099947328, 0.099, 0.088
@@@@ Visualizing...
@@@@ no. of dataList ends with 105000
@@@@ no. of dataList ends with 105000
@@@@ Filling trainset...
@@@@ Filling validset...
@@@@ Filling testset...
0 0.0 0.0
1 0.006 0.032
2 0.017 0.002
3 0.002 0.001
4 0.001 0.003
5 0.004 0.01
6 0.001 0.0
7 0.008 0.028
8 0.006 0.013
9 0.001 0.008
best model: model--1 with test AUC 0.000
Traceback (most recent call last):
  File "/home/choij/workspace/ChargedHiggsAnalysis/GraphNeuralNet/evalModels.py", line 313, in <module>
    trainAUC = getAUC(tree, bestModelIdx, "train")
               ^^^^^^^^^^^^^^^^^^^^^^^^^^^^^^^^^^^
  File "/home/choij/workspace/ChargedHiggsAnalysis/GraphNeuralNet/evalModels.py", line 88, in getAUC
    predictions.append(scores[f"model{idx}"][0])
                       ~~~~~~^^^^^^^^^^^^^^^
KeyError: 'model-1'
