@@@@ no. of dataList ends with 105000
@@@@ no. of dataList ends with 105000
@@@@ Filling trainset...
@@@@ Filling validset...
@@@@ Filling testset...
0 0.026 0.014
1 0.028 0.0
2 0.012 0.0
3 0.005 0.018
4 0.006 0.0
5 0.004 0.0
6 0.0 0.0
7 0.001 0.0
8 0.021 0.003
9 0.087 0.003
best model: model--1 with test AUC 0.000
Traceback (most recent call last):
  File "/home/choij/workspace/ChargedHiggsAnalysis/GraphNeuralNet/evalModels.py", line 313, in <module>
    trainAUC = getAUC(tree, bestModelIdx, "train")
               ^^^^^^^^^^^^^^^^^^^^^^^^^^^^^^^^^^^
  File "/home/choij/workspace/ChargedHiggsAnalysis/GraphNeuralNet/evalModels.py", line 88, in getAUC
    predictions.append(scores[f"model{idx}"][0])
                       ~~~~~~^^^^^^^^^^^^^^^
KeyError: 'model-1'
@@@@ no. of dataList ends with 105000
@@@@ no. of dataList ends with 105000
@@@@ Filling trainset...
@@@@ Filling validset...
@@@@ Filling testset...
0 0.0 0.018
1 0.001 0.0
2 0.0 0.0
3 0.0 0.0
4 0.0 0.0
5 0.001 0.0
6 0.004 0.0
7 0.005 0.027
8 0.007 0.003
9 0.01 0.079
best model: model--1 with test AUC 0.000
Traceback (most recent call last):
  File "/home/choij/workspace/ChargedHiggsAnalysis/GraphNeuralNet/evalModels.py", line 313, in <module>
    trainAUC = getAUC(tree, bestModelIdx, "train")
               ^^^^^^^^^^^^^^^^^^^^^^^^^^^^^^^^^^^
  File "/home/choij/workspace/ChargedHiggsAnalysis/GraphNeuralNet/evalModels.py", line 88, in getAUC
    predictions.append(scores[f"model{idx}"][0])
                       ~~~~~~^^^^^^^^^^^^^^^
KeyError: 'model-1'
@@@@ no. of dataList ends with 105000
@@@@ no. of dataList ends with 105000
@@@@ Filling trainset...
@@@@ Filling validset...
@@@@ Filling testset...
0 0.0 0.0
1 0.0 0.003
2 0.0 0.0
3 0.0 0.001
4 0.002 0.049
5 0.008 0.024
6 0.0 0.0
7 0.0 0.0
8 0.0 0.0
9 0.008 0.243
best model: model--1 with test AUC 0.000
Traceback (most recent call last):
  File "/home/choij/workspace/ChargedHiggsAnalysis/GraphNeuralNet/evalModels.py", line 313, in <module>
    trainAUC = getAUC(tree, bestModelIdx, "train")
               ^^^^^^^^^^^^^^^^^^^^^^^^^^^^^^^^^^^
  File "/home/choij/workspace/ChargedHiggsAnalysis/GraphNeuralNet/evalModels.py", line 88, in getAUC
    predictions.append(scores[f"model{idx}"][0])
                       ~~~~~~^^^^^^^^^^^^^^^
KeyError: 'model-1'
@@@@ no. of dataList ends with 105000
@@@@ no. of dataList ends with 105000
@@@@ Filling trainset...
@@@@ Filling validset...
@@@@ Filling testset...
0 0.0 0.039
1 0.0 0.004
2 0.0 0.002
3 0.0 0.032
4 0.0 0.001
5 0.0 0.006
6 0.0 0.178
7 0.0 0.048
8 0.0 0.0
9 0.0 0.0
best model: model--1 with test AUC 0.000
Traceback (most recent call last):
  File "/home/choij/workspace/ChargedHiggsAnalysis/GraphNeuralNet/evalModels.py", line 313, in <module>
    trainAUC = getAUC(tree, bestModelIdx, "train")
               ^^^^^^^^^^^^^^^^^^^^^^^^^^^^^^^^^^^
  File "/home/choij/workspace/ChargedHiggsAnalysis/GraphNeuralNet/evalModels.py", line 88, in getAUC
    predictions.append(scores[f"model{idx}"][0])
                       ~~~~~~^^^^^^^^^^^^^^^
KeyError: 'model-1'
@@@@ no. of dataList ends with 105000
@@@@ no. of dataList ends with 105000
@@@@ Filling trainset...
@@@@ Filling validset...
@@@@ Filling testset...
0 0.0 0.0
1 0.005 0.0
2 0.012 0.031
3 0.0 0.0
4 0.0 0.0
5 0.107 0.066
model-5 with testAUC = 0.846
6 0.016 0.016
7 0.0 0.007
8 0.002 0.0
9 0.0 0.0
best model: model-5 with test AUC 0.840
[evalModels] MHc-70_MA-65_vs_ttZ summary: MHc-70_MA-65, ttZ, 5, 128, RMSprop, 0.002, StepLR, 0.8520026991220985, 0.8476714847296758, 0.8457700362219391, 0.104, 0.067
@@@@ Visualizing...
@@@@ no. of dataList ends with 105000
@@@@ no. of dataList ends with 105000
@@@@ Filling trainset...
@@@@ Filling validset...
@@@@ Filling testset...
0 0.065 0.0
1 0.001 0.001
2 0.021 0.026
3 0.021 0.029
4 0.043 0.007
5 0.018 0.012
6 0.04 0.013
7 0.276 0.007
8 0.116 0.002
9 0.388 0.045
best model: model--1 with test AUC 0.000
Traceback (most recent call last):
  File "/home/choij/workspace/ChargedHiggsAnalysis/GraphNeuralNet/evalModels.py", line 313, in <module>
    trainAUC = getAUC(tree, bestModelIdx, "train")
               ^^^^^^^^^^^^^^^^^^^^^^^^^^^^^^^^^^^
  File "/home/choij/workspace/ChargedHiggsAnalysis/GraphNeuralNet/evalModels.py", line 88, in getAUC
    predictions.append(scores[f"model{idx}"][0])
                       ~~~~~~^^^^^^^^^^^^^^^
KeyEr: 'model-1'
